[11:50:59.514] Global cache location '/home/duckonomy/.cache/typescript/3.8', safe file path '/usr/lib/node_modules/typescript/lib/typingSafeList.json', types map path /usr/lib/node_modules/typescript/lib/typesMap.json
[11:50:59.516] Processing cache location '/home/duckonomy/.cache/typescript/3.8'
[11:50:59.516] Trying to find '/home/duckonomy/.cache/typescript/3.8/package.json'...
[11:50:59.523] Loaded content of '/home/duckonomy/.cache/typescript/3.8/package.json': {"private":true,"dependencies":{"types-registry":"^0.1.500"},"devDependencies":{"@types/accepts":"^1.3.5","@types/acorn":"^4.0.5","@types/ajv-errors":"^1.0.2","@types/ajv-keywords":"^3.4.0","@types/ansi-styles":"^3.2.1","@types/anymatch":"^1.3.1","@types/argparse":"^1.0.38","@types/aria-query":"^4.2.0","@types/arr-diff":"^4.0.0","@types/arr-union":"^3.1.0","@types/array-unique":"^0.3.0","@types/array.prototype.flat":"^1.2.1","@types/asap":"^2.0.0","@types/asn1":"^0.2.0","@types/assert":"^1.5.1","@types/assert-plus":"^1.0.4","@types/async":"^3.2.3","@types/atob":"^2.1.2","@types/autoprefixer":"^9.7.2","@types/aws4":"^1.5.1","@types/babel-code-frame":"^6.20.4","@types/babel-plugin-macros":"^2.8.2","@types/babylon":"^6.16.5","@types/balanced-match":"^1.0.1","@types/base64-js":"^1.3.0","@types/big.js":"^4.0.5","@types/bluebird":"^3.5.32","@types/bn.js":"^4.11.6","@types/body-parser":"^1.19.0","@types/bonjour":"^3.5.6","@types/brace-expansion":"^1.1.0","@types/braces":"^3.0.0","@types/brorand":"^1.0.30","@types/browser-resolve":"^1.11.0","@types/browserslist":"^4.8.0","@types/bser":"^2.0.0","@types/buffer-from":"^1.1.0","@types/buffer-xor":"^2.0.0","@types/bytes":"^3.1.0","@types/cacache":"^12.0.1","@types/caniuse-api":"^3.0.0","@types/caniuse-lite":"^1.0.0","@types/case-sensitive-paths-webpack-plugin":"^2.1.4","@types/caseless":"^0.12.2","@types/chardet":"^0.8.0","@types/chownr":"^1.0.0","@types/ci-info":"^2.0.0","@types/cipher-base":"^1.0.0","@types/clean-css":"^4.2.2","@types/clone-deep":"^4.0.1","@types/co":"^4.6.2","@types/color":"^3.0.1","@types/color-convert":"^1.9.0","@types/color-name":"^1.1.1","@types/color-string":"^1.5.0","@types/combined-stream":"^1.0.2","@types/common-tags":"^1.8.0","@types/commondir":"^1.0.0","@types/component-emitter":"^1.2.9","@types/compose-function":"0.0.30","@types/compressible":"^2.0.0","@types/compression":"^1.7.0","@types/concat-map":"0.0.0","@types/concat-stream":"^1.6.0","@types/confusing-browser-globals":"^1.0.0","@types/connect-history-api-fallback":"^1.3.3","@types/contains-path":"^1.0.0","@types/content-disposition":"^0.5.3","@types/content-type":"^1.1.3","@types/convert-source-map":"^1.5.1","@types/cookie":"^0.4.0","@types/cookie-signature":"^1.0.3","@types/core-js":"^2.5.3","@types/create-hash":"^1.2.2","@types/create-hmac":"^1.1.0","@types/cross-spawn":"^6.0.2","@types/css":"0.0.31","@types/css-declaration-sorter":"^5.1.0","@types/css-tree":"^1.0.3","@types/cssesc":"^3.0.0","@types/cssnano":"^4.0.0","@types/csso":"^3.5.1","@types/cssom":"^0.4.1","@types/cssstyle":"^2.2.1","@types/d":"^1.0.0","@types/debug":"^4.1.5","@types/decode-uri-component":"^0.2.0","@types/deep-equal":"^1.0.1","@types/default-gateway":"^3.0.1","@types/define-properties":"^1.1.3","@types/depd":"^1.1.32","@types/destroy":"^1.0.0","@types/detect-node":"^2.0.0","@types/diffie-hellman":"^5.0.0","@types/dir-glob":"^2.0.0","@types/doctrine":"0.0.3","@types/domexception":"^2.0.1","@types/domhandler":"^2.4.1","@types/domutils":"^1.7.2","@types/duplexify":"^3.6.0","@types/ee-first":"^1.1.0","@types/elliptic":"^6.4.12","@types/encodeurl":"^1.0.0","@types/end-of-stream":"^1.4.0","@types/enhanced-resolve":"^3.0.6","@types/entities":"^1.1.1","@types/es-abstract":"^1.17.0","@types/es-to-primitive":"^1.2.2","@types/escape-html":"^1.0.0","@types/escodegen":"0.0.6","@types/eslint":"^7.2.0","@types/eslint-scope":"^3.7.0","@types/eslint-visitor-keys":"^1.0.0","@types/esprima":"^4.0.2","@types/esquery":"^1.0.1","@types/estraverse":"^5.1.0","@types/etag":"^1.8.0","@types/events":"^3.0.0","@types/eventsource":"^1.1.2","@types/exit":"^0.1.31","@types/express":"^4.17.7","@types/extend":"^3.0.1","@types/extsprintf":"^1.4.1","@types/fast-levenshtein":"0.0.1","@types/fb-watchman":"^2.0.0","@types/file-entry-cache":"^5.0.1","@types/file-loader":"^4.2.0","@types/finalhandler":"^1.1.0","@types/find-cache-dir":"^3.2.0","@types/flat-cache":"^2.0.0","@types/flush-write-stream":"^1.0.0","@types/follow-redirects":"^1.8.0","@types/forever-agent":"^0.6.0","@types/forwarded":"^0.1.0","@types/fresh":"^0.5.0","@types/from2":"^2.3.0","@types/fs-extra":"^9.0.1","@types/function-bind":"^1.1.3","@types/get-caller-file":"^1.0.0","@types/get-value":"^3.0.1","@types/getpass":"^0.1.0","@types/glob":"^7.1.3","@types/glob-parent":"^5.1.0","@types/glob-to-regexp":"^0.4.0","@types/global-modules":"^2.0.0","@types/global-prefix":"^3.0.0","@types/graceful-fs":"^4.1.3","@types/has":"^1.0.0","@types/has-ansi":"^3.0.0","@types/has-symbols":"^1.0.0","@types/he":"^1.1.1","@types/hosted-git-info":"^3.0.0","@types/html-encoding-sniffer":"^2.0.1","@types/html-entities":"^1.2.16","@types/html-escaper":"^3.0.0","@types/html-minifier-terser":"^5.1.0","@types/htmlparser2":"^3.10.1","@types/http-errors":"^1.8.0","@types/http-proxy":"^1.17.4","@types/http-proxy-middleware":"^0.19.3","@types/icss-utils":"^4.1.0","@types/iferr":"^1.0.2","@types/imurmurhash":"^0.1.1","@types/inherits":"0.0.30","@types/ini":"^1.3.30","@types/inquirer":"^6.5.0","@types/internal-slot":"^1.0.1","@types/invariant":"^2.2.33","@types/ip":"^1.1.0","@types/is-buffer":"^2.0.0","@types/is-callable":"^1.1.0","@types/is-ci":"^2.0.0","@types/is-date-object":"^1.0.1","@types/is-glob":"^4.0.1","@types/is-number":"^7.0.0","@types/is-promise":"^2.1.0","@types/is-regex":"^1.0.0","@types/is-typedarray":"^1.0.0","@types/is-windows":"^1.0.0","@types/isarray":"^2.0.0","@types/isexe":"^2.0.0","@types/isstream":"^0.1.0","@types/istanbul-lib-coverage":"^2.0.3","@types/istanbul-lib-instrument":"^1.7.4","@types/istanbul-lib-report":"^3.0.0","@types/istanbul-lib-source-maps":"^4.0.1","@types/istanbul-reports":"^1.1.2","@types/js-yaml":"^3.12.5","@types/jsbn":"^1.2.29","@types/jsdom":"^16.2.3","@types/jsesc":"^2.5.1","@types/json-parse-better-errors":"^1.0.0","@types/json-schema":"^7.0.5","@types/json-schema-traverse":"^0.4.0","@types/json-stable-stringify":"^1.0.32","@types/json-stringify-safe":"^5.0.0","@types/json3":"^3.3.2","@types/json5":"0.0.30","@types/jsonfile":"^6.0.0","@types/kind-of":"^6.0.0","@types/loader-runner":"^2.2.3","@types/loader-utils":"^2.0.1","@types/lodash":"^4.14.157","@types/lodash.memoize":"^4.1.6","@types/lodash.sortby":"^4.7.6","@types/lodash.template":"^4.5.0","@types/lodash.uniq":"^4.5.6","@types/lru-cache":"^5.1.0","@types/media-typer":"^1.1.0","@types/memory-fs":"^0.3.2","@types/merge-descriptors":"^1.0.1","@types/merge-stream":"^1.1.2","@types/merge2":"^1.3.0","@types/methods":"^1.1.1","@types/micromatch":"^4.0.1","@types/mime":"^2.0.2","@types/mime-db":"^1.43.0","@types/mime-types":"^2.1.0","@types/min-indent":"^1.0.0","@types/mini-css-extract-plugin":"^0.9.1","@types/minimalistic-assert":"^1.0.0","@types/minimatch":"^3.0.3","@types/minimist":"^1.2.0","@types/minipass":"^2.2.0","@types/mkdirp":"^1.0.1","@types/move-concurrently":"^1.0.2","@types/ms":"^0.7.31","@types/mute-stream":"0.0.0","@types/natural-compare":"^1.4.0","@types/negotiator":"^0.6.1","@types/next-tick":"^1.0.0","@types/nice-try":"^2.0.0","@types/node":"^13.13.1","@types/node-forge":"^0.9.4","@types/node-int64":"^0.4.29","@types/node-notifier":"^6.0.1","@types/normalize-package-data":"^2.4.0","@types/normalize-path":"^3.0.0","@types/num2fraction":"^1.2.0","@types/number-is-nan":"^1.0.0","@types/object-assign":"^4.0.30","@types/object-hash":"^1.3.3","@types/object-inspect":"^1.6.1","@types/object-keys":"^1.0.1","@types/object-path":"^0.11.0","@types/object.fromentries":"^2.0.0","@types/object.getownpropertydescriptors":"^2.1.1","@types/object.pick":"^1.3.0","@types/on-finished":"^2.3.1","@types/on-headers":"^1.0.0","@types/once":"^1.4.0","@types/optimize-css-assets-webpack-plugin":"^5.0.1","@types/original":"^1.0.0","@types/os-tmpdir":"^1.0.0","@types/pako":"^1.0.1","@types/parallel-transform":"^1.1.0","@types/parse-json":"^4.0.0","@types/parse5":"^5.0.3","@types/parseurl":"^1.3.1","@types/pascalcase":"^1.0.0","@types/path-is-absolute":"^1.0.0","@types/path-is-inside":"^1.0.0","@types/path-parse":"^1.0.19","@types/pbkdf2":"^3.0.0","@types/picomatch":"^2.2.1","@types/pify":"^3.0.2","@types/postcss-calc":"^7.0.0","@types/postcss-custom-properties":"^9.1.0","@types/postcss-flexbugs-fixes":"^4.2.0","@types/postcss-load-config":"^2.0.1","@types/postcss-modules-extract-imports":"^2.0.0","@types/postcss-modules-local-by-default":"^1.2.0","@types/postcss-modules-scope":"^1.1.0","@types/postcss-modules-values":"^3.0.0","@types/postcss-safe-parser":"^4.0.0","@types/prelude-ls":"^1.1.29","@types/prettier":"^2.0.2","@types/progress":"^2.0.3","@types/promise-inflight":"^1.0.0","@types/prompts":"^2.0.8","@types/prop-types":"^15.7.3","@types/proxy-addr":"^2.0.0","@types/psl":"^1.1.0","@types/pump":"^1.1.0","@types/pumpify":"^1.4.1","@types/punycode":"^2.1.0","@types/q":"^1.5.4","@types/qs":"^6.9.3","@types/querystringify":"^2.0.0","@types/raf":"^3.4.0","@types/randombytes":"^2.0.0","@types/range-parser":"^1.2.3","@types/react":"^16.9.43","@types/react-dev-utils":"^9.0.4","@types/react-dom":"^16.9.8","@types/react-is":"^16.7.1","@types/readable-stream":"^2.3.9","@types/recursive-readdir":"^2.2.0","@types/relateurl":"^0.2.28","@types/repeat-element":"^1.1.0","@types/repeat-string":"^1.6.0","@types/request":"^2.48.5","@types/request-promise-native":"^1.0.17","@types/require-directory":"^2.1.1","@types/requires-port":"^1.0.0","@types/resolve":"^1.17.1","@types/retry":"^0.12.0","@types/rimraf":"^3.0.0","@types/ripemd160":"^2.0.0","@types/rsvp":"^4.0.3","@types/safe-regex":"^1.1.2","@types/safer-buffer":"^2.1.0","@types/sane":"^2.0.0","@types/sass-loader":"^8.0.0","@types/sax":"^1.2.1","@types/scheduler":"^0.16.1","@types/semver":"^7.3.1","@types/send":"^0.14.5","@types/serialize-javascript":"^1.5.0","@types/serve-index":"^1.7.30","@types/serve-static":"^1.13.4","@types/set-value":"^2.0.0","@types/setimmediate":"^1.0.1","@types/sha.js":"^2.4.0","@types/shebang-command":"^1.2.0","@types/shell-quote":"^1.7.0","@types/signal-exit":"^3.0.0","@types/slice-ansi":"^4.0.0","@types/sockjs":"^0.3.32","@types/sockjs-client":"^1.1.1","@types/source-list-map":"^0.1.2","@types/source-map-support":"^0.5.2","@types/spdx-correct":"^2.0.0","@types/spdy":"^3.4.4","@types/sprintf":"^0.1.0","@types/sprintf-js":"^1.1.2","@types/sshpk":"^1.10.4","@types/ssri":"^7.1.0","@types/stack-utils":"^1.0.1","@types/statuses":"^2.0.0","@types/stream-each":"^1.2.0","@types/stream-shift":"^1.0.0","@types/strict-uri-encode":"^2.0.0","@types/stringify-object":"^3.3.0","@types/supports-color":"^5.3.0","@types/svg-parser":"^2.0.1","@types/svgo":"^1.3.3","@types/symbol-tree":"^3.2.1","@types/table":"^5.0.0","@types/tapable":"^1.0.6","@types/terser-webpack-plugin":"^3.0.0","@types/testing-library__jest-dom":"^5.9.1","@types/text-table":"^0.2.1","@types/through":"0.0.30","@types/through2":"^2.0.36","@types/timsort":"^0.3.0","@types/tmp":"^0.2.0","@types/tough-cookie":"^4.0.0","@types/type-check":"^0.3.27","@types/type-is":"^1.6.3","@types/uniq":"0.0.27","@types/universalify":"^1.0.0","@types/urix":"^0.1.0","@types/url-parse":"^1.4.3","@types/util-deprecate":"^1.0.0","@types/util.promisify":"^1.0.4","@types/utils-merge":"0.0.28","@types/uuid":"^8.0.0","@types/vary":"^1.1.0","@types/verror":"^1.10.4","@types/w3c-xmlserializer":"^2.0.1","@types/watchpack":"^1.1.5","@types/webidl-conversions":"^6.1.0","@types/webpack":"^4.41.21","@types/webpack-dev-middleware":"^3.7.1","@types/webpack-dev-server":"^3.11.0","@types/webpack-manifest-plugin":"^2.1.0","@types/webpack-sources":"^1.4.0","@types/whatwg-encoding":"^1.0.0","@types/whatwg-mimetype":"^2.1.0","@types/whatwg-url":"^8.0.0","@types/which":"^1.3.2","@types/workbox-background-sync":"^4.3.1","@types/workbox-broadcast-update":"^4.3.0","@types/workbox-build":"^5.0.0","@types/workbox-cacheable-response":"^4.3.0","@types/workbox-core":"^4.3.0","@types/workbox-expiration":"^4.3.0","@types/workbox-google-analytics":"^4.3.0","@types/workbox-navigation-preload":"^4.3.0","@types/workbox-precaching":"^4.3.0","@types/workbox-range-requests":"^4.3.0","@types/workbox-routing":"^4.3.0","@types/workbox-strategies":"^4.3.0","@types/workbox-streams":"^4.3.0","@types/workbox-sw":"^4.3.1","@types/workbox-webpack-plugin":"^5.1.1","@types/workbox-window":"^4.3.3","@types/wrap-ansi":"^3.0.0","@types/write":"^2.0.0","@types/write-file-atomic":"^3.0.1","@types/ws":"^7.2.6","@types/xregexp":"^4.3.0","@types/xtend":"^4.0.3","@types/y18n":"^4.0.0","@types/yallist":"^3.0.1","@types/yargs":"^15.0.5","@types/yargs-parser":"^15.0.0"}}
[11:50:59.524] Loaded content of '/home/duckonomy/.cache/typescript/3.8/package-lock.json'
[11:50:59.540] Adding entry into typings cache: 'accepts' => '/home/duckonomy/.cache/typescript/3.8/node_modules/@types/accepts/index.d.ts'
[11:50:59.544] Adding entry into typings cache: 'acorn' => '/home/duckonomy/.cache/typescript/3.8/node_modules/@types/acorn/index.d.ts'
[11:50:59.547] Adding entry into typings cache: 'ajv-errors' => '/home/duckonomy/.cache/typescript/3.8/node_modules/@types/ajv-errors/index.d.ts'
[11:50:59.550] Adding entry into typings cache: 'ajv-keywords' => '/home/duckonomy/.cache/typescript/3.8/node_modules/@types/ajv-keywords/index.d.ts'
[11:50:59.558] Adding entry into typings cache: 'ansi-styles' => '/home/duckonomy/.cache/typescript/3.8/node_modules/@types/ansi-styles/index.d.ts'
[11:50:59.563] Adding entry into typings cache: 'anymatch' => '/home/duckonomy/.cache/typescript/3.8/node_modules/@types/anymatch/index.d.ts'
[11:50:59.566] Adding entry into typings cache: 'argparse' => '/home/duckonomy/.cache/typescript/3.8/node_modules/@types/argparse/index.d.ts'
[11:50:59.568] Adding entry into typings cache: 'aria-query' => '/home/duckonomy/.cache/typescript/3.8/node_modules/@types/aria-query/index.d.ts'
[11:50:59.575] Adding entry into typings cache: 'arr-diff' => '/home/duckonomy/.cache/typescript/3.8/node_modules/@types/arr-diff/index.d.ts'
[11:50:59.581] Adding entry into typings cache: 'arr-union' => '/home/duckonomy/.cache/typescript/3.8/node_modules/@types/arr-union/index.d.ts'
[11:50:59.588] Adding entry into typings cache: 'array-unique' => '/home/duckonomy/.cache/typescript/3.8/node_modules/@types/array-unique/index.d.ts'
[11:50:59.590] Adding entry into typings cache: 'array.prototype.flat' => '/home/duckonomy/.cache/typescript/3.8/node_modules/@types/array.prototype.flat/index.d.ts'
[11:50:59.592] Adding entry into typings cache: 'asap' => '/home/duckonomy/.cache/typescript/3.8/node_modules/@types/asap/index.d.ts'
[11:50:59.595] Adding entry into typings cache: 'asn1' => '/home/duckonomy/.cache/typescript/3.8/node_modules/@types/asn1/index.d.ts'
[11:50:59.600] Adding entry into typings cache: 'assert' => '/home/duckonomy/.cache/typescript/3.8/node_modules/@types/assert/ts3.7/index.d.ts'
[11:50:59.602] Adding entry into typings cache: 'assert-plus' => '/home/duckonomy/.cache/typescript/3.8/node_modules/@types/assert-plus/index.d.ts'
[11:50:59.604] Adding entry into typings cache: 'async' => '/home/duckonomy/.cache/typescript/3.8/node_modules/@types/async/index.d.ts'
[11:50:59.608] Adding entry into typings cache: 'atob' => '/home/duckonomy/.cache/typescript/3.8/node_modules/@types/atob/index.d.ts'
[11:50:59.610] Adding entry into typings cache: 'autoprefixer' => '/home/duckonomy/.cache/typescript/3.8/node_modules/@types/autoprefixer/index.d.ts'
[11:50:59.612] Adding entry into typings cache: 'aws4' => '/home/duckonomy/.cache/typescript/3.8/node_modules/@types/aws4/index.d.ts'
[11:50:59.614] Adding entry into typings cache: 'babel-code-frame' => '/home/duckonomy/.cache/typescript/3.8/node_modules/@types/babel-code-frame/index.d.ts'
[11:50:59.617] Adding entry into typings cache: 'babel-plugin-macros' => '/home/duckonomy/.cache/typescript/3.8/node_modules/@types/babel-plugin-macros/index.d.ts'
[11:50:59.620] Adding entry into typings cache: 'babylon' => '/home/duckonomy/.cache/typescript/3.8/node_modules/@types/babylon/index.d.ts'
[11:50:59.622] Adding entry into typings cache: 'balanced-match' => '/home/duckonomy/.cache/typescript/3.8/node_modules/@types/balanced-match/index.d.ts'
[11:50:59.625] Adding entry into typings cache: 'base64-js' => '/home/duckonomy/.cache/typescript/3.8/node_modules/@types/base64-js/index.d.ts'
[11:50:59.627] Adding entry into typings cache: 'big.js' => '/home/duckonomy/.cache/typescript/3.8/node_modules/@types/big.js/index.d.ts'
[11:50:59.628] Adding entry into typings cache: 'bluebird' => '/home/duckonomy/.cache/typescript/3.8/node_modules/@types/bluebird/index.d.ts'
[11:50:59.630] Adding entry into typings cache: 'bn.js' => '/home/duckonomy/.cache/typescript/3.8/node_modules/@types/bn.js/index.d.ts'
[11:50:59.633] Adding entry into typings cache: 'body-parser' => '/home/duckonomy/.cache/typescript/3.8/node_modules/@types/body-parser/index.d.ts'
[11:50:59.635] Adding entry into typings cache: 'bonjour' => '/home/duckonomy/.cache/typescript/3.8/node_modules/@types/bonjour/index.d.ts'
[11:50:59.637] Adding entry into typings cache: 'brace-expansion' => '/home/duckonomy/.cache/typescript/3.8/node_modules/@types/brace-expansion/index.d.ts'
[11:50:59.648] Adding entry into typings cache: 'braces' => '/home/duckonomy/.cache/typescript/3.8/node_modules/@types/braces/index.d.ts'
[11:50:59.651] Adding entry into typings cache: 'brorand' => '/home/duckonomy/.cache/typescript/3.8/node_modules/@types/brorand/index.d.ts'
[11:50:59.655] Adding entry into typings cache: 'browser-resolve' => '/home/duckonomy/.cache/typescript/3.8/node_modules/@types/browser-resolve/index.d.ts'
[11:50:59.660] Adding entry into typings cache: 'browserslist' => '/home/duckonomy/.cache/typescript/3.8/node_modules/@types/browserslist/index.d.ts'
[11:50:59.663] Adding entry into typings cache: 'bser' => '/home/duckonomy/.cache/typescript/3.8/node_modules/@types/bser/index.d.ts'
[11:50:59.666] Adding entry into typings cache: 'buffer-from' => '/home/duckonomy/.cache/typescript/3.8/node_modules/@types/buffer-from/index.d.ts'
[11:50:59.667] Adding entry into typings cache: 'buffer-xor' => '/home/duckonomy/.cache/typescript/3.8/node_modules/@types/buffer-xor/index.d.ts'
[11:50:59.669] Adding entry into typings cache: 'bytes' => '/home/duckonomy/.cache/typescript/3.8/node_modules/@types/bytes/index.d.ts'
[11:50:59.670] Adding entry into typings cache: 'cacache' => '/home/duckonomy/.cache/typescript/3.8/node_modules/@types/cacache/index.d.ts'
[11:50:59.672] Adding entry into typings cache: 'caniuse-api' => '/home/duckonomy/.cache/typescript/3.8/node_modules/@types/caniuse-api/index.d.ts'
[11:50:59.674] Adding entry into typings cache: 'caniuse-lite' => '/home/duckonomy/.cache/typescript/3.8/node_modules/@types/caniuse-lite/index.d.ts'
[11:50:59.677] Adding entry into typings cache: 'case-sensitive-paths-webpack-plugin' => '/home/duckonomy/.cache/typescript/3.8/node_modules/@types/case-sensitive-paths-webpack-plugin/index.d.ts'
[11:50:59.680] Adding entry into typings cache: 'caseless' => '/home/duckonomy/.cache/typescript/3.8/node_modules/@types/caseless/index.d.ts'
[11:50:59.682] Adding entry into typings cache: 'chardet' => '/home/duckonomy/.cache/typescript/3.8/node_modules/@types/chardet/index.d.ts'
[11:50:59.684] Adding entry into typings cache: 'chownr' => '/home/duckonomy/.cache/typescript/3.8/node_modules/@types/chownr/index.d.ts'
[11:50:59.687] Adding entry into typings cache: 'ci-info' => '/home/duckonomy/.cache/typescript/3.8/node_modules/@types/ci-info/index.d.ts'
[11:50:59.691] Adding entry into typings cache: 'cipher-base' => '/home/duckonomy/.cache/typescript/3.8/node_modules/@types/cipher-base/index.d.ts'
[11:50:59.693] Adding entry into typings cache: 'clean-css' => '/home/duckonomy/.cache/typescript/3.8/node_modules/@types/clean-css/index.d.ts'
[11:50:59.695] Adding entry into typings cache: 'clone-deep' => '/home/duckonomy/.cache/typescript/3.8/node_modules/@types/clone-deep/index.d.ts'
[11:50:59.697] Adding entry into typings cache: 'co' => '/home/duckonomy/.cache/typescript/3.8/node_modules/@types/co/index.d.ts'
[11:50:59.698] Adding entry into typings cache: 'color' => '/home/duckonomy/.cache/typescript/3.8/node_modules/@types/color/index.d.ts'
[11:50:59.702] Adding entry into typings cache: 'color-convert' => '/home/duckonomy/.cache/typescript/3.8/node_modules/@types/color-convert/index.d.ts'
[11:50:59.705] Adding entry into typings cache: 'color-name' => '/home/duckonomy/.cache/typescript/3.8/node_modules/@types/color-name/index.d.ts'
[11:50:59.707] Adding entry into typings cache: 'color-string' => '/home/duckonomy/.cache/typescript/3.8/node_modules/@types/color-string/index.d.ts'
[11:50:59.712] Adding entry into typings cache: 'combined-stream' => '/home/duckonomy/.cache/typescript/3.8/node_modules/@types/combined-stream/index.d.ts'
[11:50:59.715] Adding entry into typings cache: 'common-tags' => '/home/duckonomy/.cache/typescript/3.8/node_modules/@types/common-tags/index.d.ts'
[11:50:59.716] Adding entry into typings cache: 'commondir' => '/home/duckonomy/.cache/typescript/3.8/node_modules/@types/commondir/index.d.ts'
[11:50:59.719] Adding entry into typings cache: 'component-emitter' => '/home/duckonomy/.cache/typescript/3.8/node_modules/@types/component-emitter/index.d.ts'
[11:50:59.722] Adding entry into typings cache: 'compose-function' => '/home/duckonomy/.cache/typescript/3.8/node_modules/@types/compose-function/index.d.ts'
[11:50:59.724] Adding entry into typings cache: 'compressible' => '/home/duckonomy/.cache/typescript/3.8/node_modules/@types/compressible/index.d.ts'
[11:50:59.725] Adding entry into typings cache: 'compression' => '/home/duckonomy/.cache/typescript/3.8/node_modules/@types/compression/index.d.ts'
[11:50:59.727] Adding entry into typings cache: 'concat-map' => '/home/duckonomy/.cache/typescript/3.8/node_modules/@types/concat-map/index.d.ts'
[11:50:59.729] Adding entry into typings cache: 'concat-stream' => '/home/duckonomy/.cache/typescript/3.8/node_modules/@types/concat-stream/index.d.ts'
[11:50:59.730] Adding entry into typings cache: 'confusing-browser-globals' => '/home/duckonomy/.cache/typescript/3.8/node_modules/@types/confusing-browser-globals/index.d.ts'
[11:50:59.737] Adding entry into typings cache: 'connect-history-api-fallback' => '/home/duckonomy/.cache/typescript/3.8/node_modules/@types/connect-history-api-fallback/index.d.ts'
[11:50:59.740] Adding entry into typings cache: 'contains-path' => '/home/duckonomy/.cache/typescript/3.8/node_modules/@types/contains-path/index.d.ts'
[11:50:59.742] Adding entry into typings cache: 'content-disposition' => '/home/duckonomy/.cache/typescript/3.8/node_modules/@types/content-disposition/index.d.ts'
[11:50:59.744] Adding entry into typings cache: 'content-type' => '/home/duckonomy/.cache/typescript/3.8/node_modules/@types/content-type/index.d.ts'
[11:50:59.746] Adding entry into typings cache: 'convert-source-map' => '/home/duckonomy/.cache/typescript/3.8/node_modules/@types/convert-source-map/index.d.ts'
[11:50:59.747] Adding entry into typings cache: 'cookie' => '/home/duckonomy/.cache/typescript/3.8/node_modules/@types/cookie/index.d.ts'
[11:50:59.750] Adding entry into typings cache: 'cookie-signature' => '/home/duckonomy/.cache/typescript/3.8/node_modules/@types/cookie-signature/index.d.ts'
[11:50:59.752] Adding entry into typings cache: 'core-js' => '/home/duckonomy/.cache/typescript/3.8/node_modules/@types/core-js/index.d.ts'
[11:50:59.753] Adding entry into typings cache: 'create-hash' => '/home/duckonomy/.cache/typescript/3.8/node_modules/@types/create-hash/index.d.ts'
[11:50:59.756] Adding entry into typings cache: 'create-hmac' => '/home/duckonomy/.cache/typescript/3.8/node_modules/@types/create-hmac/index.d.ts'
[11:50:59.758] Adding entry into typings cache: 'cross-spawn' => '/home/duckonomy/.cache/typescript/3.8/node_modules/@types/cross-spawn/index.d.ts'
[11:50:59.759] Adding entry into typings cache: 'css' => '/home/duckonomy/.cache/typescript/3.8/node_modules/@types/css/index.d.ts'
[11:50:59.762] Adding entry into typings cache: 'css-declaration-sorter' => '/home/duckonomy/.cache/typescript/3.8/node_modules/@types/css-declaration-sorter/index.d.ts'
[11:50:59.764] Adding entry into typings cache: 'css-tree' => '/home/duckonomy/.cache/typescript/3.8/node_modules/@types/css-tree/index.d.ts'
[11:50:59.765] Adding entry into typings cache: 'cssesc' => '/home/duckonomy/.cache/typescript/3.8/node_modules/@types/cssesc/index.d.ts'
[11:50:59.767] Adding entry into typings cache: 'cssnano' => '/home/duckonomy/.cache/typescript/3.8/node_modules/@types/cssnano/index.d.ts'
[11:50:59.768] Adding entry into typings cache: 'csso' => '/home/duckonomy/.cache/typescript/3.8/node_modules/@types/csso/index.d.ts'
[11:50:59.770] Adding entry into typings cache: 'cssom' => '/home/duckonomy/.cache/typescript/3.8/node_modules/@types/cssom/index.d.ts'
[11:50:59.771] Adding entry into typings cache: 'cssstyle' => '/home/duckonomy/.cache/typescript/3.8/node_modules/@types/cssstyle/index.d.ts'
[11:50:59.773] Adding entry into typings cache: 'd' => '/home/duckonomy/.cache/typescript/3.8/node_modules/@types/d/index.d.ts'
[11:50:59.777] Adding entry into typings cache: 'debug' => '/home/duckonomy/.cache/typescript/3.8/node_modules/@types/debug/index.d.ts'
[11:50:59.780] Adding entry into typings cache: 'decode-uri-component' => '/home/duckonomy/.cache/typescript/3.8/node_modules/@types/decode-uri-component/index.d.ts'
[11:50:59.783] Adding entry into typings cache: 'deep-equal' => '/home/duckonomy/.cache/typescript/3.8/node_modules/@types/deep-equal/index.d.ts'
[11:50:59.785] Adding entry into typings cache: 'default-gateway' => '/home/duckonomy/.cache/typescript/3.8/node_modules/@types/default-gateway/index.d.ts'
[11:50:59.787] Adding entry into typings cache: 'define-properties' => '/home/duckonomy/.cache/typescript/3.8/node_modules/@types/define-properties/index.d.ts'
[11:50:59.789] Adding entry into typings cache: 'depd' => '/home/duckonomy/.cache/typescript/3.8/node_modules/@types/depd/index.d.ts'
[11:50:59.791] Adding entry into typings cache: 'destroy' => '/home/duckonomy/.cache/typescript/3.8/node_modules/@types/destroy/index.d.ts'
[11:50:59.793] Adding entry into typings cache: 'detect-node' => '/home/duckonomy/.cache/typescript/3.8/node_modules/@types/detect-node/index.d.ts'
[11:50:59.795] Adding entry into typings cache: 'diffie-hellman' => '/home/duckonomy/.cache/typescript/3.8/node_modules/@types/diffie-hellman/index.d.ts'
[11:50:59.797] Adding entry into typings cache: 'dir-glob' => '/home/duckonomy/.cache/typescript/3.8/node_modules/@types/dir-glob/index.d.ts'
[11:50:59.799] Adding entry into typings cache: 'doctrine' => '/home/duckonomy/.cache/typescript/3.8/node_modules/@types/doctrine/index.d.ts'
[11:50:59.801] Adding entry into typings cache: 'domexception' => '/home/duckonomy/.cache/typescript/3.8/node_modules/@types/domexception/index.d.ts'
[11:50:59.804] Adding entry into typings cache: 'domhandler' => '/home/duckonomy/.cache/typescript/3.8/node_modules/@types/domhandler/index.d.ts'
[11:50:59.808] Adding entry into typings cache: 'domutils' => '/home/duckonomy/.cache/typescript/3.8/node_modules/@types/domutils/index.d.ts'
[11:50:59.810] Adding entry into typings cache: 'duplexify' => '/home/duckonomy/.cache/typescript/3.8/node_modules/@types/duplexify/index.d.ts'
[11:50:59.813] Adding entry into typings cache: 'ee-first' => '/home/duckonomy/.cache/typescript/3.8/node_modules/@types/ee-first/index.d.ts'
[11:50:59.815] Adding entry into typings cache: 'elliptic' => '/home/duckonomy/.cache/typescript/3.8/node_modules/@types/elliptic/index.d.ts'
[11:50:59.817] Adding entry into typings cache: 'encodeurl' => '/home/duckonomy/.cache/typescript/3.8/node_modules/@types/encodeurl/index.d.ts'
[11:50:59.819] Adding entry into typings cache: 'end-of-stream' => '/home/duckonomy/.cache/typescript/3.8/node_modules/@types/end-of-stream/index.d.ts'
[11:50:59.821] Adding entry into typings cache: 'enhanced-resolve' => '/home/duckonomy/.cache/typescript/3.8/node_modules/@types/enhanced-resolve/index.d.ts'
[11:50:59.823] Adding entry into typings cache: 'entities' => '/home/duckonomy/.cache/typescript/3.8/node_modules/@types/entities/index.d.ts'
[11:50:59.826] Adding entry into typings cache: 'es-abstract' => '/home/duckonomy/.cache/typescript/3.8/node_modules/@types/es-abstract/index.d.ts'
[11:50:59.830] Adding entry into typings cache: 'es-to-primitive' => '/home/duckonomy/.cache/typescript/3.8/node_modules/@types/es-to-primitive/ts3.2/index.d.ts'
[11:50:59.832] Adding entry into typings cache: 'escape-html' => '/home/duckonomy/.cache/typescript/3.8/node_modules/@types/escape-html/index.d.ts'
[11:50:59.834] Adding entry into typings cache: 'escodegen' => '/home/duckonomy/.cache/typescript/3.8/node_modules/@types/escodegen/index.d.ts'
[11:50:59.836] Adding entry into typings cache: 'eslint' => '/home/duckonomy/.cache/typescript/3.8/node_modules/@types/eslint/ts3.1/index.d.ts'
[11:50:59.837] Adding entry into typings cache: 'eslint-scope' => '/home/duckonomy/.cache/typescript/3.8/node_modules/@types/eslint-scope/index.d.ts'
[11:50:59.838] Adding entry into typings cache: 'eslint-visitor-keys' => '/home/duckonomy/.cache/typescript/3.8/node_modules/@types/eslint-visitor-keys/index.d.ts'
[11:50:59.840] Adding entry into typings cache: 'esprima' => '/home/duckonomy/.cache/typescript/3.8/node_modules/@types/esprima/index.d.ts'
[11:50:59.841] Adding entry into typings cache: 'esquery' => '/home/duckonomy/.cache/typescript/3.8/node_modules/@types/esquery/index.d.ts'
[11:50:59.844] Adding entry into typings cache: 'estraverse' => '/home/duckonomy/.cache/typescript/3.8/node_modules/@types/estraverse/index.d.ts'
[11:50:59.845] Adding entry into typings cache: 'etag' => '/home/duckonomy/.cache/typescript/3.8/node_modules/@types/etag/index.d.ts'
[11:50:59.846] Adding entry into typings cache: 'events' => '/home/duckonomy/.cache/typescript/3.8/node_modules/@types/events/index.d.ts'
[11:50:59.848] Adding entry into typings cache: 'eventsource' => '/home/duckonomy/.cache/typescript/3.8/node_modules/@types/eventsource/index.d.ts'
[11:50:59.849] Adding entry into typings cache: 'exit' => '/home/duckonomy/.cache/typescript/3.8/node_modules/@types/exit/index.d.ts'
[11:50:59.850] Adding entry into typings cache: 'express' => '/home/duckonomy/.cache/typescript/3.8/node_modules/@types/express/index.d.ts'
[11:50:59.853] Adding entry into typings cache: 'extend' => '/home/duckonomy/.cache/typescript/3.8/node_modules/@types/extend/index.d.ts'
[11:50:59.854] Adding entry into typings cache: 'extsprintf' => '/home/duckonomy/.cache/typescript/3.8/node_modules/@types/extsprintf/index.d.ts'
[11:50:59.855] Adding entry into typings cache: 'fast-levenshtein' => '/home/duckonomy/.cache/typescript/3.8/node_modules/@types/fast-levenshtein/index.d.ts'
[11:50:59.858] Adding entry into typings cache: 'fb-watchman' => '/home/duckonomy/.cache/typescript/3.8/node_modules/@types/fb-watchman/index.d.ts'
[11:50:59.859] Adding entry into typings cache: 'file-entry-cache' => '/home/duckonomy/.cache/typescript/3.8/node_modules/@types/file-entry-cache/index.d.ts'
[11:50:59.861] Adding entry into typings cache: 'file-loader' => '/home/duckonomy/.cache/typescript/3.8/node_modules/@types/file-loader/index.d.ts'
[11:50:59.863] Adding entry into typings cache: 'finalhandler' => '/home/duckonomy/.cache/typescript/3.8/node_modules/@types/finalhandler/index.d.ts'
[11:50:59.865] Adding entry into typings cache: 'find-cache-dir' => '/home/duckonomy/.cache/typescript/3.8/node_modules/@types/find-cache-dir/index.d.ts'
[11:50:59.866] Adding entry into typings cache: 'flat-cache' => '/home/duckonomy/.cache/typescript/3.8/node_modules/@types/flat-cache/index.d.ts'
[11:50:59.867] Adding entry into typings cache: 'flush-write-stream' => '/home/duckonomy/.cache/typescript/3.8/node_modules/@types/flush-write-stream/index.d.ts'
[11:50:59.868] Adding entry into typings cache: 'follow-redirects' => '/home/duckonomy/.cache/typescript/3.8/node_modules/@types/follow-redirects/index.d.ts'
[11:50:59.869] Adding entry into typings cache: 'forever-agent' => '/home/duckonomy/.cache/typescript/3.8/node_modules/@types/forever-agent/index.d.ts'
[11:50:59.871] Adding entry into typings cache: 'forwarded' => '/home/duckonomy/.cache/typescript/3.8/node_modules/@types/forwarded/index.d.ts'
[11:50:59.874] Adding entry into typings cache: 'fresh' => '/home/duckonomy/.cache/typescript/3.8/node_modules/@types/fresh/index.d.ts'
[11:50:59.875] Adding entry into typings cache: 'from2' => '/home/duckonomy/.cache/typescript/3.8/node_modules/@types/from2/index.d.ts'
[11:50:59.876] Adding entry into typings cache: 'fs-extra' => '/home/duckonomy/.cache/typescript/3.8/node_modules/@types/fs-extra/index.d.ts'
[11:50:59.877] Adding entry into typings cache: 'function-bind' => '/home/duckonomy/.cache/typescript/3.8/node_modules/@types/function-bind/ts3.3/index.d.ts'
[11:50:59.878] Adding entry into typings cache: 'get-caller-file' => '/home/duckonomy/.cache/typescript/3.8/node_modules/@types/get-caller-file/index.d.ts'
[11:50:59.881] Adding entry into typings cache: 'get-value' => '/home/duckonomy/.cache/typescript/3.8/node_modules/@types/get-value/index.d.ts'
[11:50:59.882] Adding entry into typings cache: 'getpass' => '/home/duckonomy/.cache/typescript/3.8/node_modules/@types/getpass/index.d.ts'
[11:50:59.883] Adding entry into typings cache: 'glob' => '/home/duckonomy/.cache/typescript/3.8/node_modules/@types/glob/index.d.ts'
[11:50:59.886] Adding entry into typings cache: 'glob-parent' => '/home/duckonomy/.cache/typescript/3.8/node_modules/@types/glob-parent/index.d.ts'
[11:50:59.887] Adding entry into typings cache: 'glob-to-regexp' => '/home/duckonomy/.cache/typescript/3.8/node_modules/@types/glob-to-regexp/index.d.ts'
[11:50:59.890] Adding entry into typings cache: 'global-modules' => '/home/duckonomy/.cache/typescript/3.8/node_modules/@types/global-modules/index.d.ts'
[11:50:59.891] Adding entry into typings cache: 'global-prefix' => '/home/duckonomy/.cache/typescript/3.8/node_modules/@types/global-prefix/index.d.ts'
[11:50:59.893] Adding entry into typings cache: 'graceful-fs' => '/home/duckonomy/.cache/typescript/3.8/node_modules/@types/graceful-fs/index.d.ts'
[11:50:59.894] Adding entry into typings cache: 'has' => '/home/duckonomy/.cache/typescript/3.8/node_modules/@types/has/index.d.ts'
[11:50:59.895] Adding entry into typings cache: 'has-ansi' => '/home/duckonomy/.cache/typescript/3.8/node_modules/@types/has-ansi/index.d.ts'
[11:50:59.896] Adding entry into typings cache: 'has-symbols' => '/home/duckonomy/.cache/typescript/3.8/node_modules/@types/has-symbols/index.d.ts'
[11:50:59.897] Adding entry into typings cache: 'he' => '/home/duckonomy/.cache/typescript/3.8/node_modules/@types/he/index.d.ts'
[11:50:59.898] Adding entry into typings cache: 'hosted-git-info' => '/home/duckonomy/.cache/typescript/3.8/node_modules/@types/hosted-git-info/index.d.ts'
[11:50:59.899] Adding entry into typings cache: 'html-encoding-sniffer' => '/home/duckonomy/.cache/typescript/3.8/node_modules/@types/html-encoding-sniffer/index.d.ts'
[11:50:59.900] Adding entry into typings cache: 'html-entities' => '/home/duckonomy/.cache/typescript/3.8/node_modules/@types/html-entities/index.d.ts'
[11:50:59.901] Adding entry into typings cache: 'html-escaper' => '/home/duckonomy/.cache/typescript/3.8/node_modules/@types/html-escaper/index.d.ts'
[11:50:59.902] Adding entry into typings cache: 'html-minifier-terser' => '/home/duckonomy/.cache/typescript/3.8/node_modules/@types/html-minifier-terser/index.d.ts'
[11:50:59.903] Adding entry into typings cache: 'htmlparser2' => '/home/duckonomy/.cache/typescript/3.8/node_modules/@types/htmlparser2/index.d.ts'
[11:50:59.904] Adding entry into typings cache: 'http-errors' => '/home/duckonomy/.cache/typescript/3.8/node_modules/@types/http-errors/index.d.ts'
[11:50:59.905] Adding entry into typings cache: 'http-proxy' => '/home/duckonomy/.cache/typescript/3.8/node_modules/@types/http-proxy/index.d.ts'
[11:50:59.906] Adding entry into typings cache: 'http-proxy-middleware' => '/home/duckonomy/.cache/typescript/3.8/node_modules/@types/http-proxy-middleware/index.d.ts'
[11:50:59.908] Adding entry into typings cache: 'icss-utils' => '/home/duckonomy/.cache/typescript/3.8/node_modules/@types/icss-utils/index.d.ts'
[11:50:59.909] Adding entry into typings cache: 'iferr' => '/home/duckonomy/.cache/typescript/3.8/node_modules/@types/iferr/index.d.ts'
[11:50:59.910] Adding entry into typings cache: 'imurmurhash' => '/home/duckonomy/.cache/typescript/3.8/node_modules/@types/imurmurhash/index.d.ts'
[11:50:59.912] Adding entry into typings cache: 'inherits' => '/home/duckonomy/.cache/typescript/3.8/node_modules/@types/inherits/index.d.ts'
[11:50:59.913] Adding entry into typings cache: 'ini' => '/home/duckonomy/.cache/typescript/3.8/node_modules/@types/ini/index.d.ts'
[11:50:59.916] Adding entry into typings cache: 'inquirer' => '/home/duckonomy/.cache/typescript/3.8/node_modules/@types/inquirer/index.d.ts'
[11:50:59.918] Adding entry into typings cache: 'internal-slot' => '/home/duckonomy/.cache/typescript/3.8/node_modules/@types/internal-slot/index.d.ts'
[11:50:59.919] Adding entry into typings cache: 'invariant' => '/home/duckonomy/.cache/typescript/3.8/node_modules/@types/invariant/ts3.7/index.d.ts'
[11:50:59.920] Adding entry into typings cache: 'ip' => '/home/duckonomy/.cache/typescript/3.8/node_modules/@types/ip/index.d.ts'
[11:50:59.922] Adding entry into typings cache: 'is-buffer' => '/home/duckonomy/.cache/typescript/3.8/node_modules/@types/is-buffer/index.d.ts'
[11:50:59.924] Adding entry into typings cache: 'is-callable' => '/home/duckonomy/.cache/typescript/3.8/node_modules/@types/is-callable/index.d.ts'
[11:50:59.925] Adding entry into typings cache: 'is-ci' => '/home/duckonomy/.cache/typescript/3.8/node_modules/@types/is-ci/index.d.ts'
[11:50:59.926] Adding entry into typings cache: 'is-date-object' => '/home/duckonomy/.cache/typescript/3.8/node_modules/@types/is-date-object/index.d.ts'
[11:50:59.929] Adding entry into typings cache: 'is-glob' => '/home/duckonomy/.cache/typescript/3.8/node_modules/@types/is-glob/index.d.ts'
[11:50:59.931] Adding entry into typings cache: 'is-number' => '/home/duckonomy/.cache/typescript/3.8/node_modules/@types/is-number/index.d.ts'
[11:50:59.933] Adding entry into typings cache: 'is-promise' => '/home/duckonomy/.cache/typescript/3.8/node_modules/@types/is-promise/index.d.ts'
[11:50:59.934] Adding entry into typings cache: 'is-regex' => '/home/duckonomy/.cache/typescript/3.8/node_modules/@types/is-regex/index.d.ts'
[11:50:59.936] Adding entry into typings cache: 'is-typedarray' => '/home/duckonomy/.cache/typescript/3.8/node_modules/@types/is-typedarray/index.d.ts'
[11:50:59.940] Adding entry into typings cache: 'is-windows' => '/home/duckonomy/.cache/typescript/3.8/node_modules/@types/is-windows/index.d.ts'
[11:50:59.942] Adding entry into typings cache: 'isarray' => '/home/duckonomy/.cache/typescript/3.8/node_modules/@types/isarray/index.d.ts'
[11:50:59.943] Adding entry into typings cache: 'isexe' => '/home/duckonomy/.cache/typescript/3.8/node_modules/@types/isexe/index.d.ts'
[11:50:59.945] Adding entry into typings cache: 'isstream' => '/home/duckonomy/.cache/typescript/3.8/node_modules/@types/isstream/index.d.ts'
[11:50:59.946] Adding entry into typings cache: 'istanbul-lib-coverage' => '/home/duckonomy/.cache/typescript/3.8/node_modules/@types/istanbul-lib-coverage/index.d.ts'
[11:50:59.947] Adding entry into typings cache: 'istanbul-lib-instrument' => '/home/duckonomy/.cache/typescript/3.8/node_modules/@types/istanbul-lib-instrument/index.d.ts'
[11:50:59.948] Adding entry into typings cache: 'istanbul-lib-report' => '/home/duckonomy/.cache/typescript/3.8/node_modules/@types/istanbul-lib-report/index.d.ts'
[11:50:59.949] Adding entry into typings cache: 'istanbul-lib-source-maps' => '/home/duckonomy/.cache/typescript/3.8/node_modules/@types/istanbul-lib-source-maps/index.d.ts'
[11:50:59.950] Adding entry into typings cache: 'istanbul-reports' => '/home/duckonomy/.cache/typescript/3.8/node_modules/@types/istanbul-reports/index.d.ts'
[11:50:59.951] Adding entry into typings cache: 'js-yaml' => '/home/duckonomy/.cache/typescript/3.8/node_modules/@types/js-yaml/index.d.ts'
[11:50:59.953] Adding entry into typings cache: 'jsbn' => '/home/duckonomy/.cache/typescript/3.8/node_modules/@types/jsbn/index.d.ts'
[11:50:59.954] Adding entry into typings cache: 'jsdom' => '/home/duckonomy/.cache/typescript/3.8/node_modules/@types/jsdom/ts3.6/index.d.ts'
[11:50:59.956] Adding entry into typings cache: 'jsesc' => '/home/duckonomy/.cache/typescript/3.8/node_modules/@types/jsesc/index.d.ts'
[11:50:59.957] Adding entry into typings cache: 'json-parse-better-errors' => '/home/duckonomy/.cache/typescript/3.8/node_modules/@types/json-parse-better-errors/index.d.ts'
[11:50:59.959] Adding entry into typings cache: 'json-schema' => '/home/duckonomy/.cache/typescript/3.8/node_modules/@types/json-schema/index.d.ts'
[11:50:59.961] Adding entry into typings cache: 'json-schema-traverse' => '/home/duckonomy/.cache/typescript/3.8/node_modules/@types/json-schema-traverse/index.d.ts'
[11:50:59.962] Adding entry into typings cache: 'json-stable-stringify' => '/home/duckonomy/.cache/typescript/3.8/node_modules/@types/json-stable-stringify/index.d.ts'
[11:50:59.964] Adding entry into typings cache: 'json-stringify-safe' => '/home/duckonomy/.cache/typescript/3.8/node_modules/@types/json-stringify-safe/index.d.ts'
[11:50:59.966] Adding entry into typings cache: 'json3' => '/home/duckonomy/.cache/typescript/3.8/node_modules/@types/json3/index.d.ts'
[11:50:59.967] Adding entry into typings cache: 'json5' => '/home/duckonomy/.cache/typescript/3.8/node_modules/@types/json5/index.d.ts'
[11:50:59.968] Adding entry into typings cache: 'jsonfile' => '/home/duckonomy/.cache/typescript/3.8/node_modules/@types/jsonfile/index.d.ts'
[11:50:59.970] Adding entry into typings cache: 'kind-of' => '/home/duckonomy/.cache/typescript/3.8/node_modules/@types/kind-of/index.d.ts'
[11:50:59.971] Adding entry into typings cache: 'loader-runner' => '/home/duckonomy/.cache/typescript/3.8/node_modules/@types/loader-runner/index.d.ts'
[11:50:59.972] Adding entry into typings cache: 'loader-utils' => '/home/duckonomy/.cache/typescript/3.8/node_modules/@types/loader-utils/index.d.ts'
[11:50:59.976] Adding entry into typings cache: 'lodash' => '/home/duckonomy/.cache/typescript/3.8/node_modules/@types/lodash/ts3.1/index.d.ts'
[11:50:59.978] Adding entry into typings cache: 'lodash.memoize' => '/home/duckonomy/.cache/typescript/3.8/node_modules/@types/lodash.memoize/index.d.ts'
[11:50:59.979] Adding entry into typings cache: 'lodash.sortby' => '/home/duckonomy/.cache/typescript/3.8/node_modules/@types/lodash.sortby/index.d.ts'
[11:50:59.981] Adding entry into typings cache: 'lodash.template' => '/home/duckonomy/.cache/typescript/3.8/node_modules/@types/lodash.template/index.d.ts'
[11:50:59.983] Adding entry into typings cache: 'lodash.uniq' => '/home/duckonomy/.cache/typescript/3.8/node_modules/@types/lodash.uniq/index.d.ts'
[11:50:59.984] Adding entry into typings cache: 'lru-cache' => '/home/duckonomy/.cache/typescript/3.8/node_modules/@types/lru-cache/index.d.ts'
[11:50:59.985] Adding entry into typings cache: 'media-typer' => '/home/duckonomy/.cache/typescript/3.8/node_modules/@types/media-typer/index.d.ts'
[11:50:59.986] Adding entry into typings cache: 'memory-fs' => '/home/duckonomy/.cache/typescript/3.8/node_modules/@types/memory-fs/index.d.ts'
[11:50:59.990] Adding entry into typings cache: 'merge-descriptors' => '/home/duckonomy/.cache/typescript/3.8/node_modules/@types/merge-descriptors/index.d.ts'
[11:50:59.991] Adding entry into typings cache: 'merge-stream' => '/home/duckonomy/.cache/typescript/3.8/node_modules/@types/merge-stream/index.d.ts'
[11:50:59.995] Adding entry into typings cache: 'merge2' => '/home/duckonomy/.cache/typescript/3.8/node_modules/@types/merge2/index.d.ts'
[11:50:59.997] Adding entry into typings cache: 'methods' => '/home/duckonomy/.cache/typescript/3.8/node_modules/@types/methods/index.d.ts'
[11:51:0.2] Adding entry into typings cache: 'micromatch' => '/home/duckonomy/.cache/typescript/3.8/node_modules/@types/micromatch/index.d.ts'
[11:51:0.4] Adding entry into typings cache: 'mime' => '/home/duckonomy/.cache/typescript/3.8/node_modules/@types/mime/index.d.ts'
[11:51:0.7] Adding entry into typings cache: 'mime-db' => '/home/duckonomy/.cache/typescript/3.8/node_modules/@types/mime-db/index.d.ts'
[11:51:0.10] Adding entry into typings cache: 'mime-types' => '/home/duckonomy/.cache/typescript/3.8/node_modules/@types/mime-types/index.d.ts'
[11:51:0.13] Adding entry into typings cache: 'min-indent' => '/home/duckonomy/.cache/typescript/3.8/node_modules/@types/min-indent/index.d.ts'
[11:51:0.16] Adding entry into typings cache: 'mini-css-extract-plugin' => '/home/duckonomy/.cache/typescript/3.8/node_modules/@types/mini-css-extract-plugin/index.d.ts'
[11:51:0.18] Adding entry into typings cache: 'minimalistic-assert' => '/home/duckonomy/.cache/typescript/3.8/node_modules/@types/minimalistic-assert/index.d.ts'
[11:51:0.19] Adding entry into typings cache: 'minimatch' => '/home/duckonomy/.cache/typescript/3.8/node_modules/@types/minimatch/index.d.ts'
[11:51:0.21] Adding entry into typings cache: 'minimist' => '/home/duckonomy/.cache/typescript/3.8/node_modules/@types/minimist/index.d.ts'
[11:51:0.22] Adding entry into typings cache: 'minipass' => '/home/duckonomy/.cache/typescript/3.8/node_modules/@types/minipass/index.d.ts'
[11:51:0.24] Adding entry into typings cache: 'mkdirp' => '/home/duckonomy/.cache/typescript/3.8/node_modules/@types/mkdirp/index.d.ts'
[11:51:0.25] Adding entry into typings cache: 'move-concurrently' => '/home/duckonomy/.cache/typescript/3.8/node_modules/@types/move-concurrently/index.d.ts'
[11:51:0.29] Adding entry into typings cache: 'ms' => '/home/duckonomy/.cache/typescript/3.8/node_modules/@types/ms/index.d.ts'
[11:51:0.31] Adding entry into typings cache: 'mute-stream' => '/home/duckonomy/.cache/typescript/3.8/node_modules/@types/mute-stream/index.d.ts'
[11:51:0.33] Adding entry into typings cache: 'natural-compare' => '/home/duckonomy/.cache/typescript/3.8/node_modules/@types/natural-compare/index.d.ts'
[11:51:0.35] Adding entry into typings cache: 'negotiator' => '/home/duckonomy/.cache/typescript/3.8/node_modules/@types/negotiator/index.d.ts'
[11:51:0.36] Adding entry into typings cache: 'next-tick' => '/home/duckonomy/.cache/typescript/3.8/node_modules/@types/next-tick/index.d.ts'
[11:51:0.38] Adding entry into typings cache: 'nice-try' => '/home/duckonomy/.cache/typescript/3.8/node_modules/@types/nice-try/index.d.ts'
[11:51:0.40] Adding entry into typings cache: 'node' => '/home/duckonomy/.cache/typescript/3.8/node_modules/@types/node/ts3.2/index.d.ts'
[11:51:0.42] Adding entry into typings cache: 'node-forge' => '/home/duckonomy/.cache/typescript/3.8/node_modules/@types/node-forge/index.d.ts'
[11:51:0.44] Adding entry into typings cache: 'node-int64' => '/home/duckonomy/.cache/typescript/3.8/node_modules/@types/node-int64/index.d.ts'
[11:51:0.45] Adding entry into typings cache: 'node-notifier' => '/home/duckonomy/.cache/typescript/3.8/node_modules/@types/node-notifier/index.d.ts'
[11:51:0.47] Adding entry into typings cache: 'normalize-package-data' => '/home/duckonomy/.cache/typescript/3.8/node_modules/@types/normalize-package-data/index.d.ts'
[11:51:0.50] Adding entry into typings cache: 'normalize-path' => '/home/duckonomy/.cache/typescript/3.8/node_modules/@types/normalize-path/index.d.ts'
[11:51:0.52] Adding entry into typings cache: 'num2fraction' => '/home/duckonomy/.cache/typescript/3.8/node_modules/@types/num2fraction/index.d.ts'
[11:51:0.54] Adding entry into typings cache: 'number-is-nan' => '/home/duckonomy/.cache/typescript/3.8/node_modules/@types/number-is-nan/index.d.ts'
[11:51:0.55] Adding entry into typings cache: 'object-assign' => '/home/duckonomy/.cache/typescript/3.8/node_modules/@types/object-assign/index.d.ts'
[11:51:0.56] Adding entry into typings cache: 'object-hash' => '/home/duckonomy/.cache/typescript/3.8/node_modules/@types/object-hash/index.d.ts'
[11:51:0.58] Adding entry into typings cache: 'object-inspect' => '/home/duckonomy/.cache/typescript/3.8/node_modules/@types/object-inspect/index.d.ts'
[11:51:0.59] Adding entry into typings cache: 'object-keys' => '/home/duckonomy/.cache/typescript/3.8/node_modules/@types/object-keys/index.d.ts'
[11:51:0.61] Adding entry into typings cache: 'object-path' => '/home/duckonomy/.cache/typescript/3.8/node_modules/@types/object-path/index.d.ts'
[11:51:0.62] Adding entry into typings cache: 'object.fromentries' => '/home/duckonomy/.cache/typescript/3.8/node_modules/@types/object.fromentries/index.d.ts'
[11:51:0.64] Adding entry into typings cache: 'object.getownpropertydescriptors' => '/home/duckonomy/.cache/typescript/3.8/node_modules/@types/object.getownpropertydescriptors/index.d.ts'
[11:51:0.66] Adding entry into typings cache: 'object.pick' => '/home/duckonomy/.cache/typescript/3.8/node_modules/@types/object.pick/index.d.ts'
[11:51:0.68] Adding entry into typings cache: 'on-finished' => '/home/duckonomy/.cache/typescript/3.8/node_modules/@types/on-finished/index.d.ts'
[11:51:0.69] Adding entry into typings cache: 'on-headers' => '/home/duckonomy/.cache/typescript/3.8/node_modules/@types/on-headers/index.d.ts'
[11:51:0.71] Adding entry into typings cache: 'once' => '/home/duckonomy/.cache/typescript/3.8/node_modules/@types/once/index.d.ts'
[11:51:0.72] Adding entry into typings cache: 'optimize-css-assets-webpack-plugin' => '/home/duckonomy/.cache/typescript/3.8/node_modules/@types/optimize-css-assets-webpack-plugin/index.d.ts'
[11:51:0.74] Adding entry into typings cache: 'original' => '/home/duckonomy/.cache/typescript/3.8/node_modules/@types/original/index.d.ts'
[11:51:0.75] Adding entry into typings cache: 'os-tmpdir' => '/home/duckonomy/.cache/typescript/3.8/node_modules/@types/os-tmpdir/index.d.ts'
[11:51:0.76] Adding entry into typings cache: 'pako' => '/home/duckonomy/.cache/typescript/3.8/node_modules/@types/pako/index.d.ts'
[11:51:0.77] Adding entry into typings cache: 'parallel-transform' => '/home/duckonomy/.cache/typescript/3.8/node_modules/@types/parallel-transform/index.d.ts'
[11:51:0.78] Adding entry into typings cache: 'parse-json' => '/home/duckonomy/.cache/typescript/3.8/node_modules/@types/parse-json/index.d.ts'
[11:51:0.81] Adding entry into typings cache: 'parse5' => '/home/duckonomy/.cache/typescript/3.8/node_modules/@types/parse5/index.d.ts'
[11:51:0.82] Adding entry into typings cache: 'parseurl' => '/home/duckonomy/.cache/typescript/3.8/node_modules/@types/parseurl/index.d.ts'
[11:51:0.86] Adding entry into typings cache: 'pascalcase' => '/home/duckonomy/.cache/typescript/3.8/node_modules/@types/pascalcase/index.d.ts'
[11:51:0.88] Adding entry into typings cache: 'path-is-absolute' => '/home/duckonomy/.cache/typescript/3.8/node_modules/@types/path-is-absolute/index.d.ts'
[11:51:0.90] Adding entry into typings cache: 'path-is-inside' => '/home/duckonomy/.cache/typescript/3.8/node_modules/@types/path-is-inside/index.d.ts'
[11:51:0.92] Adding entry into typings cache: 'path-parse' => '/home/duckonomy/.cache/typescript/3.8/node_modules/@types/path-parse/index.d.ts'
[11:51:0.93] Adding entry into typings cache: 'pbkdf2' => '/home/duckonomy/.cache/typescript/3.8/node_modules/@types/pbkdf2/index.d.ts'
[11:51:0.94] Adding entry into typings cache: 'picomatch' => '/home/duckonomy/.cache/typescript/3.8/node_modules/@types/picomatch/index.d.ts'
[11:51:0.96] Adding entry into typings cache: 'pify' => '/home/duckonomy/.cache/typescript/3.8/node_modules/@types/pify/index.d.ts'
[11:51:0.98] Adding entry into typings cache: 'postcss-calc' => '/home/duckonomy/.cache/typescript/3.8/node_modules/@types/postcss-calc/index.d.ts'
[11:51:0.99] Adding entry into typings cache: 'postcss-custom-properties' => '/home/duckonomy/.cache/typescript/3.8/node_modules/@types/postcss-custom-properties/index.d.ts'
[11:51:0.101] Adding entry into typings cache: 'postcss-flexbugs-fixes' => '/home/duckonomy/.cache/typescript/3.8/node_modules/@types/postcss-flexbugs-fixes/index.d.ts'
[11:51:0.102] Adding entry into typings cache: 'postcss-load-config' => '/home/duckonomy/.cache/typescript/3.8/node_modules/@types/postcss-load-config/index.d.ts'
[11:51:0.104] Adding entry into typings cache: 'postcss-modules-extract-imports' => '/home/duckonomy/.cache/typescript/3.8/node_modules/@types/postcss-modules-extract-imports/index.d.ts'
[11:51:0.105] Adding entry into typings cache: 'postcss-modules-local-by-default' => '/home/duckonomy/.cache/typescript/3.8/node_modules/@types/postcss-modules-local-by-default/index.d.ts'
[11:51:0.108] Adding entry into typings cache: 'postcss-modules-scope' => '/home/duckonomy/.cache/typescript/3.8/node_modules/@types/postcss-modules-scope/index.d.ts'
[11:51:0.110] Adding entry into typings cache: 'postcss-modules-values' => '/home/duckonomy/.cache/typescript/3.8/node_modules/@types/postcss-modules-values/index.d.ts'
[11:51:0.111] Adding entry into typings cache: 'postcss-safe-parser' => '/home/duckonomy/.cache/typescript/3.8/node_modules/@types/postcss-safe-parser/index.d.ts'
[11:51:0.113] Adding entry into typings cache: 'prelude-ls' => '/home/duckonomy/.cache/typescript/3.8/node_modules/@types/prelude-ls/index.d.ts'
[11:51:0.115] Adding entry into typings cache: 'prettier' => '/home/duckonomy/.cache/typescript/3.8/node_modules/@types/prettier/index.d.ts'
[11:51:0.117] Adding entry into typings cache: 'progress' => '/home/duckonomy/.cache/typescript/3.8/node_modules/@types/progress/index.d.ts'
[11:51:0.118] Adding entry into typings cache: 'promise-inflight' => '/home/duckonomy/.cache/typescript/3.8/node_modules/@types/promise-inflight/index.d.ts'
[11:51:0.120] Adding entry into typings cache: 'prompts' => '/home/duckonomy/.cache/typescript/3.8/node_modules/@types/prompts/index.d.ts'
[11:51:0.122] Adding entry into typings cache: 'prop-types' => '/home/duckonomy/.cache/typescript/3.8/node_modules/@types/prop-types/index.d.ts'
[11:51:0.123] Adding entry into typings cache: 'proxy-addr' => '/home/duckonomy/.cache/typescript/3.8/node_modules/@types/proxy-addr/index.d.ts'
[11:51:0.125] Adding entry into typings cache: 'psl' => '/home/duckonomy/.cache/typescript/3.8/node_modules/@types/psl/index.d.ts'
[11:51:0.126] Adding entry into typings cache: 'pump' => '/home/duckonomy/.cache/typescript/3.8/node_modules/@types/pump/index.d.ts'
[11:51:0.127] Adding entry into typings cache: 'pumpify' => '/home/duckonomy/.cache/typescript/3.8/node_modules/@types/pumpify/index.d.ts'
[11:51:0.130] Adding entry into typings cache: 'punycode' => '/home/duckonomy/.cache/typescript/3.8/node_modules/@types/punycode/index.d.ts'
[11:51:0.132] Adding entry into typings cache: 'q' => '/home/duckonomy/.cache/typescript/3.8/node_modules/@types/q/index.d.ts'
[11:51:0.133] Adding entry into typings cache: 'qs' => '/home/duckonomy/.cache/typescript/3.8/node_modules/@types/qs/index.d.ts'
[11:51:0.134] Adding entry into typings cache: 'querystringify' => '/home/duckonomy/.cache/typescript/3.8/node_modules/@types/querystringify/index.d.ts'
[11:51:0.136] Adding entry into typings cache: 'raf' => '/home/duckonomy/.cache/typescript/3.8/node_modules/@types/raf/index.d.ts'
[11:51:0.137] Adding entry into typings cache: 'randombytes' => '/home/duckonomy/.cache/typescript/3.8/node_modules/@types/randombytes/index.d.ts'
[11:51:0.139] Adding entry into typings cache: 'range-parser' => '/home/duckonomy/.cache/typescript/3.8/node_modules/@types/range-parser/index.d.ts'
[11:51:0.140] Adding entry into typings cache: 'react' => '/home/duckonomy/.cache/typescript/3.8/node_modules/@types/react/index.d.ts'
[11:51:0.142] Adding entry into typings cache: 'react-dev-utils' => '/home/duckonomy/.cache/typescript/3.8/node_modules/@types/react-dev-utils/index.d.ts'
[11:51:0.143] Adding entry into typings cache: 'react-dom' => '/home/duckonomy/.cache/typescript/3.8/node_modules/@types/react-dom/index.d.ts'
[11:51:0.146] Adding entry into typings cache: 'react-is' => '/home/duckonomy/.cache/typescript/3.8/node_modules/@types/react-is/index.d.ts'
[11:51:0.149] Adding entry into typings cache: 'readable-stream' => '/home/duckonomy/.cache/typescript/3.8/node_modules/@types/readable-stream/index.d.ts'
[11:51:0.150] Adding entry into typings cache: 'recursive-readdir' => '/home/duckonomy/.cache/typescript/3.8/node_modules/@types/recursive-readdir/index.d.ts'
[11:51:0.151] Adding entry into typings cache: 'relateurl' => '/home/duckonomy/.cache/typescript/3.8/node_modules/@types/relateurl/index.d.ts'
[11:51:0.154] Adding entry into typings cache: 'repeat-element' => '/home/duckonomy/.cache/typescript/3.8/node_modules/@types/repeat-element/index.d.ts'
[11:51:0.157] Adding entry into typings cache: 'repeat-string' => '/home/duckonomy/.cache/typescript/3.8/node_modules/@types/repeat-string/index.d.ts'
[11:51:0.158] Adding entry into typings cache: 'request' => '/home/duckonomy/.cache/typescript/3.8/node_modules/@types/request/index.d.ts'
[11:51:0.160] Adding entry into typings cache: 'request-promise-native' => '/home/duckonomy/.cache/typescript/3.8/node_modules/@types/request-promise-native/index.d.ts'
[11:51:0.161] Adding entry into typings cache: 'require-directory' => '/home/duckonomy/.cache/typescript/3.8/node_modules/@types/require-directory/index.d.ts'
[11:51:0.163] Adding entry into typings cache: 'requires-port' => '/home/duckonomy/.cache/typescript/3.8/node_modules/@types/requires-port/index.d.ts'
[11:51:0.164] Adding entry into typings cache: 'resolve' => '/home/duckonomy/.cache/typescript/3.8/node_modules/@types/resolve/index.d.ts'
[11:51:0.166] Adding entry into typings cache: 'retry' => '/home/duckonomy/.cache/typescript/3.8/node_modules/@types/retry/index.d.ts'
[11:51:0.167] Adding entry into typings cache: 'rimraf' => '/home/duckonomy/.cache/typescript/3.8/node_modules/@types/rimraf/index.d.ts'
[11:51:0.169] Adding entry into typings cache: 'ripemd160' => '/home/duckonomy/.cache/typescript/3.8/node_modules/@types/ripemd160/index.d.ts'
[11:51:0.170] Adding entry into typings cache: 'rsvp' => '/home/duckonomy/.cache/typescript/3.8/node_modules/@types/rsvp/index.d.ts'
[11:51:0.173] Adding entry into typings cache: 'safe-regex' => '/home/duckonomy/.cache/typescript/3.8/node_modules/@types/safe-regex/index.d.ts'
[11:51:0.174] Adding entry into typings cache: 'safer-buffer' => '/home/duckonomy/.cache/typescript/3.8/node_modules/@types/safer-buffer/index.d.ts'
[11:51:0.176] Adding entry into typings cache: 'sane' => '/home/duckonomy/.cache/typescript/3.8/node_modules/@types/sane/index.d.ts'
[11:51:0.177] Adding entry into typings cache: 'sass-loader' => '/home/duckonomy/.cache/typescript/3.8/node_modules/@types/sass-loader/index.d.ts'
[11:51:0.178] Adding entry into typings cache: 'sax' => '/home/duckonomy/.cache/typescript/3.8/node_modules/@types/sax/index.d.ts'
[11:51:0.180] Adding entry into typings cache: 'scheduler' => '/home/duckonomy/.cache/typescript/3.8/node_modules/@types/scheduler/index.d.ts'
[11:51:0.181] Adding entry into typings cache: 'semver' => '/home/duckonomy/.cache/typescript/3.8/node_modules/@types/semver/index.d.ts'
[11:51:0.183] Adding entry into typings cache: 'send' => '/home/duckonomy/.cache/typescript/3.8/node_modules/@types/send/index.d.ts'
[11:51:0.184] Adding entry into typings cache: 'serialize-javascript' => '/home/duckonomy/.cache/typescript/3.8/node_modules/@types/serialize-javascript/index.d.ts'
[11:51:0.186] Adding entry into typings cache: 'serve-index' => '/home/duckonomy/.cache/typescript/3.8/node_modules/@types/serve-index/index.d.ts'
[11:51:0.187] Adding entry into typings cache: 'serve-static' => '/home/duckonomy/.cache/typescript/3.8/node_modules/@types/serve-static/index.d.ts'
[11:51:0.190] Adding entry into typings cache: 'set-value' => '/home/duckonomy/.cache/typescript/3.8/node_modules/@types/set-value/index.d.ts'
[11:51:0.191] Adding entry into typings cache: 'setimmediate' => '/home/duckonomy/.cache/typescript/3.8/node_modules/@types/setimmediate/ts3.1/index.d.ts'
[11:51:0.193] Adding entry into typings cache: 'sha.js' => '/home/duckonomy/.cache/typescript/3.8/node_modules/@types/sha.js/index.d.ts'
[11:51:0.194] Adding entry into typings cache: 'shebang-command' => '/home/duckonomy/.cache/typescript/3.8/node_modules/@types/shebang-command/index.d.ts'
[11:51:0.196] Adding entry into typings cache: 'shell-quote' => '/home/duckonomy/.cache/typescript/3.8/node_modules/@types/shell-quote/index.d.ts'
[11:51:0.197] Adding entry into typings cache: 'signal-exit' => '/home/duckonomy/.cache/typescript/3.8/node_modules/@types/signal-exit/index.d.ts'
[11:51:0.199] Adding entry into typings cache: 'slice-ansi' => '/home/duckonomy/.cache/typescript/3.8/node_modules/@types/slice-ansi/index.d.ts'
[11:51:0.200] Adding entry into typings cache: 'sockjs' => '/home/duckonomy/.cache/typescript/3.8/node_modules/@types/sockjs/index.d.ts'
[11:51:0.202] Adding entry into typings cache: 'sockjs-client' => '/home/duckonomy/.cache/typescript/3.8/node_modules/@types/sockjs-client/index.d.ts'
[11:51:0.203] Adding entry into typings cache: 'source-list-map' => '/home/duckonomy/.cache/typescript/3.8/node_modules/@types/source-list-map/index.d.ts'
[11:51:0.205] Adding entry into typings cache: 'source-map-support' => '/home/duckonomy/.cache/typescript/3.8/node_modules/@types/source-map-support/index.d.ts'
[11:51:0.207] Adding entry into typings cache: 'spdx-correct' => '/home/duckonomy/.cache/typescript/3.8/node_modules/@types/spdx-correct/index.d.ts'
[11:51:0.208] Adding entry into typings cache: 'spdy' => '/home/duckonomy/.cache/typescript/3.8/node_modules/@types/spdy/index.d.ts'
[11:51:0.210] Adding entry into typings cache: 'sprintf' => '/home/duckonomy/.cache/typescript/3.8/node_modules/@types/sprintf/index.d.ts'
[11:51:0.213] Adding entry into typings cache: 'sprintf-js' => '/home/duckonomy/.cache/typescript/3.8/node_modules/@types/sprintf-js/index.d.ts'
[11:51:0.215] Adding entry into typings cache: 'sshpk' => '/home/duckonomy/.cache/typescript/3.8/node_modules/@types/sshpk/index.d.ts'
[11:51:0.216] Adding entry into typings cache: 'ssri' => '/home/duckonomy/.cache/typescript/3.8/node_modules/@types/ssri/index.d.ts'
[11:51:0.217] Adding entry into typings cache: 'stack-utils' => '/home/duckonomy/.cache/typescript/3.8/node_modules/@types/stack-utils/index.d.ts'
[11:51:0.220] Adding entry into typings cache: 'statuses' => '/home/duckonomy/.cache/typescript/3.8/node_modules/@types/statuses/index.d.ts'
[11:51:0.222] Adding entry into typings cache: 'stream-each' => '/home/duckonomy/.cache/typescript/3.8/node_modules/@types/stream-each/index.d.ts'
[11:51:0.223] Adding entry into typings cache: 'stream-shift' => '/home/duckonomy/.cache/typescript/3.8/node_modules/@types/stream-shift/index.d.ts'
[11:51:0.224] Adding entry into typings cache: 'strict-uri-encode' => '/home/duckonomy/.cache/typescript/3.8/node_modules/@types/strict-uri-encode/index.d.ts'
[11:51:0.226] Adding entry into typings cache: 'stringify-object' => '/home/duckonomy/.cache/typescript/3.8/node_modules/@types/stringify-object/index.d.ts'
[11:51:0.228] Adding entry into typings cache: 'supports-color' => '/home/duckonomy/.cache/typescript/3.8/node_modules/@types/supports-color/index.d.ts'
[11:51:0.229] Adding entry into typings cache: 'svg-parser' => '/home/duckonomy/.cache/typescript/3.8/node_modules/@types/svg-parser/index.d.ts'
[11:51:0.231] Adding entry into typings cache: 'svgo' => '/home/duckonomy/.cache/typescript/3.8/node_modules/@types/svgo/index.d.ts'
[11:51:0.233] Adding entry into typings cache: 'symbol-tree' => '/home/duckonomy/.cache/typescript/3.8/node_modules/@types/symbol-tree/index.d.ts'
[11:51:0.234] Adding entry into typings cache: 'table' => '/home/duckonomy/.cache/typescript/3.8/node_modules/@types/table/index.d.ts'
[11:51:0.236] Adding entry into typings cache: 'tapable' => '/home/duckonomy/.cache/typescript/3.8/node_modules/@types/tapable/index.d.ts'
[11:51:0.238] Adding entry into typings cache: 'terser-webpack-plugin' => '/home/duckonomy/.cache/typescript/3.8/node_modules/@types/terser-webpack-plugin/index.d.ts'
[11:51:0.240] Adding entry into typings cache: 'testing-library__jest-dom' => '/home/duckonomy/.cache/typescript/3.8/node_modules/@types/testing-library__jest-dom/index.d.ts'
[11:51:0.241] Adding entry into typings cache: 'text-table' => '/home/duckonomy/.cache/typescript/3.8/node_modules/@types/text-table/index.d.ts'
[11:51:0.243] Adding entry into typings cache: 'through' => '/home/duckonomy/.cache/typescript/3.8/node_modules/@types/through/index.d.ts'
[11:51:0.244] Adding entry into typings cache: 'through2' => '/home/duckonomy/.cache/typescript/3.8/node_modules/@types/through2/index.d.ts'
[11:51:0.246] Adding entry into typings cache: 'timsort' => '/home/duckonomy/.cache/typescript/3.8/node_modules/@types/timsort/index.d.ts'
[11:51:0.247] Adding entry into typings cache: 'tmp' => '/home/duckonomy/.cache/typescript/3.8/node_modules/@types/tmp/index.d.ts'
[11:51:0.249] Adding entry into typings cache: 'tough-cookie' => '/home/duckonomy/.cache/typescript/3.8/node_modules/@types/tough-cookie/index.d.ts'
[11:51:0.250] Adding entry into typings cache: 'type-check' => '/home/duckonomy/.cache/typescript/3.8/node_modules/@types/type-check/index.d.ts'
[11:51:0.251] Adding entry into typings cache: 'type-is' => '/home/duckonomy/.cache/typescript/3.8/node_modules/@types/type-is/index.d.ts'
[11:51:0.253] Adding entry into typings cache: 'uniq' => '/home/duckonomy/.cache/typescript/3.8/node_modules/@types/uniq/index.d.ts'
[11:51:0.254] Adding entry into typings cache: 'universalify' => '/home/duckonomy/.cache/typescript/3.8/node_modules/@types/universalify/index.d.ts'
[11:51:0.257] Adding entry into typings cache: 'urix' => '/home/duckonomy/.cache/typescript/3.8/node_modules/@types/urix/index.d.ts'
[11:51:0.258] Adding entry into typings cache: 'url-parse' => '/home/duckonomy/.cache/typescript/3.8/node_modules/@types/url-parse/index.d.ts'
[11:51:0.260] Adding entry into typings cache: 'util-deprecate' => '/home/duckonomy/.cache/typescript/3.8/node_modules/@types/util-deprecate/index.d.ts'
[11:51:0.262] Adding entry into typings cache: 'util.promisify' => '/home/duckonomy/.cache/typescript/3.8/node_modules/@types/util.promisify/index.d.ts'
[11:51:0.263] Adding entry into typings cache: 'utils-merge' => '/home/duckonomy/.cache/typescript/3.8/node_modules/@types/utils-merge/index.d.ts'
[11:51:0.264] Adding entry into typings cache: 'uuid' => '/home/duckonomy/.cache/typescript/3.8/node_modules/@types/uuid/index.d.ts'
[11:51:0.265] Adding entry into typings cache: 'vary' => '/home/duckonomy/.cache/typescript/3.8/node_modules/@types/vary/index.d.ts'
[11:51:0.267] Adding entry into typings cache: 'verror' => '/home/duckonomy/.cache/typescript/3.8/node_modules/@types/verror/index.d.ts'
[11:51:0.268] Adding entry into typings cache: 'w3c-xmlserializer' => '/home/duckonomy/.cache/typescript/3.8/node_modules/@types/w3c-xmlserializer/index.d.ts'
[11:51:0.270] Adding entry into typings cache: 'watchpack' => '/home/duckonomy/.cache/typescript/3.8/node_modules/@types/watchpack/index.d.ts'
[11:51:0.271] Adding entry into typings cache: 'webidl-conversions' => '/home/duckonomy/.cache/typescript/3.8/node_modules/@types/webidl-conversions/index.d.ts'
[11:51:0.273] Adding entry into typings cache: 'webpack' => '/home/duckonomy/.cache/typescript/3.8/node_modules/@types/webpack/index.d.ts'
[11:51:0.274] Adding entry into typings cache: 'webpack-dev-middleware' => '/home/duckonomy/.cache/typescript/3.8/node_modules/@types/webpack-dev-middleware/index.d.ts'
[11:51:0.276] Adding entry into typings cache: 'webpack-dev-server' => '/home/duckonomy/.cache/typescript/3.8/node_modules/@types/webpack-dev-server/index.d.ts'
[11:51:0.277] Adding entry into typings cache: 'webpack-manifest-plugin' => '/home/duckonomy/.cache/typescript/3.8/node_modules/@types/webpack-manifest-plugin/index.d.ts'
[11:51:0.279] Adding entry into typings cache: 'webpack-sources' => '/home/duckonomy/.cache/typescript/3.8/node_modules/@types/webpack-sources/index.d.ts'
[11:51:0.281] Adding entry into typings cache: 'whatwg-encoding' => '/home/duckonomy/.cache/typescript/3.8/node_modules/@types/whatwg-encoding/index.d.ts'
[11:51:0.282] Adding entry into typings cache: 'whatwg-mimetype' => '/home/duckonomy/.cache/typescript/3.8/node_modules/@types/whatwg-mimetype/index.d.ts'
[11:51:0.284] Adding entry into typings cache: 'whatwg-url' => '/home/duckonomy/.cache/typescript/3.8/node_modules/@types/whatwg-url/index.d.ts'
[11:51:0.286] Adding entry into typings cache: 'which' => '/home/duckonomy/.cache/typescript/3.8/node_modules/@types/which/index.d.ts'
[11:51:0.287] Adding entry into typings cache: 'workbox-background-sync' => '/home/duckonomy/.cache/typescript/3.8/node_modules/@types/workbox-background-sync/index.d.ts'
[11:51:0.288] Adding entry into typings cache: 'workbox-broadcast-update' => '/home/duckonomy/.cache/typescript/3.8/node_modules/@types/workbox-broadcast-update/index.d.ts'
[11:51:0.290] Adding entry into typings cache: 'workbox-build' => '/home/duckonomy/.cache/typescript/3.8/node_modules/@types/workbox-build/index.d.ts'
[11:51:0.291] Adding entry into typings cache: 'workbox-cacheable-response' => '/home/duckonomy/.cache/typescript/3.8/node_modules/@types/workbox-cacheable-response/index.d.ts'
[11:51:0.293] Adding entry into typings cache: 'workbox-core' => '/home/duckonomy/.cache/typescript/3.8/node_modules/@types/workbox-core/index.d.ts'
[11:51:0.294] Adding entry into typings cache: 'workbox-expiration' => '/home/duckonomy/.cache/typescript/3.8/node_modules/@types/workbox-expiration/index.d.ts'
[11:51:0.296] Adding entry into typings cache: 'workbox-google-analytics' => '/home/duckonomy/.cache/typescript/3.8/node_modules/@types/workbox-google-analytics/index.d.ts'
[11:51:0.298] Adding entry into typings cache: 'workbox-navigation-preload' => '/home/duckonomy/.cache/typescript/3.8/node_modules/@types/workbox-navigation-preload/index.d.ts'
[11:51:0.299] Adding entry into typings cache: 'workbox-precaching' => '/home/duckonomy/.cache/typescript/3.8/node_modules/@types/workbox-precaching/index.d.ts'
[11:51:0.301] Adding entry into typings cache: 'workbox-range-requests' => '/home/duckonomy/.cache/typescript/3.8/node_modules/@types/workbox-range-requests/index.d.ts'
[11:51:0.303] Adding entry into typings cache: 'workbox-routing' => '/home/duckonomy/.cache/typescript/3.8/node_modules/@types/workbox-routing/index.d.ts'
[11:51:0.304] Adding entry into typings cache: 'workbox-strategies' => '/home/duckonomy/.cache/typescript/3.8/node_modules/@types/workbox-strategies/index.d.ts'
[11:51:0.306] Adding entry into typings cache: 'workbox-streams' => '/home/duckonomy/.cache/typescript/3.8/node_modules/@types/workbox-streams/index.d.ts'
[11:51:0.308] Adding entry into typings cache: 'workbox-sw' => '/home/duckonomy/.cache/typescript/3.8/node_modules/@types/workbox-sw/index.d.ts'
[11:51:0.309] Adding entry into typings cache: 'workbox-webpack-plugin' => '/home/duckonomy/.cache/typescript/3.8/node_modules/@types/workbox-webpack-plugin/index.d.ts'
[11:51:0.311] Adding entry into typings cache: 'workbox-window' => '/home/duckonomy/.cache/typescript/3.8/node_modules/@types/workbox-window/index.d.ts'
[11:51:0.312] Adding entry into typings cache: 'wrap-ansi' => '/home/duckonomy/.cache/typescript/3.8/node_modules/@types/wrap-ansi/index.d.ts'
[11:51:0.314] Adding entry into typings cache: 'write' => '/home/duckonomy/.cache/typescript/3.8/node_modules/@types/write/index.d.ts'
[11:51:0.315] Adding entry into typings cache: 'write-file-atomic' => '/home/duckonomy/.cache/typescript/3.8/node_modules/@types/write-file-atomic/index.d.ts'
[11:51:0.317] Adding entry into typings cache: 'ws' => '/home/duckonomy/.cache/typescript/3.8/node_modules/@types/ws/index.d.ts'
[11:51:0.318] Adding entry into typings cache: 'xregexp' => '/home/duckonomy/.cache/typescript/3.8/node_modules/@types/xregexp/index.d.ts'
[11:51:0.319] Adding entry into typings cache: 'xtend' => '/home/duckonomy/.cache/typescript/3.8/node_modules/@types/xtend/index.d.ts'
[11:51:0.321] Adding entry into typings cache: 'y18n' => '/home/duckonomy/.cache/typescript/3.8/node_modules/@types/y18n/index.d.ts'
[11:51:0.322] Adding entry into typings cache: 'yallist' => '/home/duckonomy/.cache/typescript/3.8/node_modules/@types/yallist/index.d.ts'
[11:51:0.323] Adding entry into typings cache: 'yargs' => '/home/duckonomy/.cache/typescript/3.8/node_modules/@types/yargs/index.d.ts'
[11:51:0.325] Adding entry into typings cache: 'yargs-parser' => '/home/duckonomy/.cache/typescript/3.8/node_modules/@types/yargs-parser/index.d.ts'
[11:51:0.325] Finished processing cache location '/home/duckonomy/.cache/typescript/3.8'
[11:51:0.325] Process id: 36115
[11:51:0.325] NPM location: /usr/bin/npm (explicit '--npmLocation' not  provided)
[11:51:0.325] validateDefaultNpmLocation: false
[11:51:0.326] Npm config file: /home/duckonomy/.cache/typescript/3.8/package.json
[11:51:0.326] Updating types-registry npm package...
[11:51:0.326] Exec: /usr/bin/npm install --ignore-scripts types-registry@latest
[11:51:7.114]     Succeeded. stdout:
    + types-registry@0.1.501
    updated 1 package and audited 663 packages in 5.58s

5 packages are looking for funding
  run `npm fund` for details

found 0 vulnerabilities


[11:51:7.114] Updated types-registry npm package
